<?xml version="1.0" encoding="UTF-8"?>
<!-- Generated by org.testng.reporters.JUnitXMLReporter -->
<testsuite ignored="0" hostname="DESKTOP-G7N76PA" failures="1" tests="6" name="HRM App Test Cases" time="104.576" errors="0" timestamp="2022-11-11T11:45:23 IST">
  <testcase classname="com.hrm.qa.testcases.LoginPageTest" name="loginPageTitleTest" time="0.015"/>
  <testcase classname="com.hrm.qa.testcases.LoginPageTest" name="hrmLogoImageTest" time="0.065"/>
  <testcase classname="com.hrm.qa.testcases.LoginPageTest" name="loginTest" time="4.626"/>
  <testcase classname="com.hrm.qa.testcases.HomePageTest" name="homePageTitleTest" time="0.041">
    <failure type="java.lang.AssertionError" message="Home Page title not matched expected [actiTIME - Enter Time-Track] but found [actiTIME - Login]">
      <![CDATA[java.lang.AssertionError: Home Page title not matched expected [actiTIME - Enter Time-Track] but found [actiTIME - Login]
at com.hrm.qa.testcases.HomePageTest.homePageTitleTest(HomePageTest.java:34)
at java.base/java.util.ArrayList.forEach(ArrayList.java:1511)
... Removed 32 stack frames]]>
    </failure>
  </testcase> <!-- homePageTitleTest -->
  <testcase classname="com.hrm.qa.testcases.HomePageTest" name="gotoViewTimeTrackTest" time="9.727"/>
  <testcase classname="com.hrm.qa.testcases.HomePageTest" name="gotoApproveTimeTrackTest" time="7.948"/>
</testsuite> <!-- HRM App Test Cases -->
